<?xml version="1.0" encoding="UTF-8"?>
<!-- Generated by org.testng.reporters.JUnitXMLReporter -->
<testsuite ignored="0" hostname="wsb-007-74" failures="1" tests="1" name="testColorNotSet" time="0.001" errors="0" timestamp="2022-01-30T17:05:42 MSK">
  <testcase classname="CheckingGetColorMethodTest" name="testColor" time="0.0">
    <failure type="java.lang.AssertionError">
      <![CDATA[java.lang.AssertionError
at CheckingGetColorMethodTest.testColor(CheckingGetColorMethodTest.java:9)
at java.base/java.util.ArrayList.forEach(ArrayList.java:1511)
... Removed 31 stack frames]]>
    </failure>
  </testcase> <!-- testColor -->
</testsuite> <!-- testColorNotSet -->
