<?xml version="1.0" encoding="UTF-8"?>
<!-- Generated by org.testng.reporters.JUnitXMLReporter -->
<testsuite ignored="0" hostname="wsb-007-74" failures="2" tests="3" name="testWritePartOfWord" time="0.004" errors="0" timestamp="2022-01-29T18:56:26 MSK">
  <testcase classname="CheckingWriteMethodPartOfWordTest" name="testWritePartOfWord" time="0.002">
    <failure type="java.lang.AssertionError" message="expected [Do] but found [Dog]">
      <![CDATA[java.lang.AssertionError: expected [Do] but found [Dog]
at CheckingWriteMethodPartOfWordTest.testWritePartOfWord(CheckingWriteMethodPartOfWordTest.java:21)
at java.base/java.util.ArrayList.forEach(ArrayList.java:1511)
... Removed 37 stack frames]]>
    </failure>
  </testcase> <!-- testWritePartOfWord -->
  <testcase classname="CheckingWriteMethodPartOfWordTest" name="testWritePartOfWord" time="0.0"/>
  <testcase classname="CheckingWriteMethodPartOfWordTest" name="testWritePartOfWord" time="0.001">
    <failure type="java.lang.AssertionError" message="expected [A book wi] but found [A book ]">
      <![CDATA[java.lang.AssertionError: expected [A book wi] but found [A book ]
at CheckingWriteMethodPartOfWordTest.testWritePartOfWord(CheckingWriteMethodPartOfWordTest.java:21)
at java.base/java.util.ArrayList.forEach(ArrayList.java:1511)
... Removed 37 stack frames]]>
    </failure>
  </testcase> <!-- testWritePartOfWord -->
</testsuite> <!-- testWritePartOfWord -->
